<?xml version="1.0" encoding="UTF-8"?><testrun name="Featurerunner (1)" project="ShopNow" tests="1" started="1" failures="0" errors="1" ignored="0">
  <testsuite name="com.shopnow.testrunner.Featurerunner" time="7.196">
    <testsuite name="This feature is for checkout flow" time="7.196">
      <testcase name="Checkout flow" classname="This feature is for checkout flow" time="7.196">
        <error>io.cucumber.junit.UndefinedStepException: The step 'search for a Laptop on homepage' is undefined.
You can implement this step using the snippet(s) below:

@When("search for a Laptop on homepage")
public void search_for_a_laptop_on_homepage() {
    // Write code here that turns the phrase above into concrete actions
    throw new io.cucumber.java.PendingException();
}
&#13;
&#13;
</error>
      </testcase>
    </testsuite>
  </testsuite>
</testrun>
